[0.017s] Invoking command in '/home/usuario/Documentos/GitHub/IR2121/tb3_ws/build/patrolling': CMAKE_PREFIX_PATH=${CMAKE_PREFIX_PATH}:/opt/ros/foxy /usr/bin/cmake --build /home/usuario/Documentos/GitHub/IR2121/tb3_ws/build/patrolling -- -j6 -l6
[0.050s] [35m[1mScanning dependencies of target patrolling[0m
[0.071s] [ 50%] [32mBuilding CXX object CMakeFiles/patrolling.dir/src/ver1.cpp.o[0m
[2.541s] [100%] [32m[1mLinking CXX executable patrolling[0m
[2.773s] [100%] Built target patrolling
[2.781s] Invoked command in '/home/usuario/Documentos/GitHub/IR2121/tb3_ws/build/patrolling' returned '0': CMAKE_PREFIX_PATH=${CMAKE_PREFIX_PATH}:/opt/ros/foxy /usr/bin/cmake --build /home/usuario/Documentos/GitHub/IR2121/tb3_ws/build/patrolling -- -j6 -l6
[2.811s] Invoking command in '/home/usuario/Documentos/GitHub/IR2121/tb3_ws/build/patrolling': CMAKE_PREFIX_PATH=${CMAKE_PREFIX_PATH}:/opt/ros/foxy /usr/bin/cmake --install /home/usuario/Documentos/GitHub/IR2121/tb3_ws/build/patrolling
[2.818s] -- Install configuration: ""
[2.824s] -- Installing: /home/usuario/Documentos/GitHub/IR2121/tb3_ws/install/patrolling/lib/patrolling/patrolling
[2.839s] -- Set runtime path of "/home/usuario/Documentos/GitHub/IR2121/tb3_ws/install/patrolling/lib/patrolling/patrolling" to ""
[2.839s] -- Up-to-date: /home/usuario/Documentos/GitHub/IR2121/tb3_ws/install/patrolling/share/ament_index/resource_index/package_run_dependencies/patrolling
[2.839s] -- Up-to-date: /home/usuario/Documentos/GitHub/IR2121/tb3_ws/install/patrolling/share/ament_index/resource_index/parent_prefix_path/patrolling
[2.839s] -- Up-to-date: /home/usuario/Documentos/GitHub/IR2121/tb3_ws/install/patrolling/share/patrolling/environment/ament_prefix_path.sh
[2.839s] -- Up-to-date: /home/usuario/Documentos/GitHub/IR2121/tb3_ws/install/patrolling/share/patrolling/environment/ament_prefix_path.dsv
[2.839s] -- Up-to-date: /home/usuario/Documentos/GitHub/IR2121/tb3_ws/install/patrolling/share/patrolling/environment/path.sh
[2.839s] -- Up-to-date: /home/usuario/Documentos/GitHub/IR2121/tb3_ws/install/patrolling/share/patrolling/environment/path.dsv
[2.839s] -- Up-to-date: /home/usuario/Documentos/GitHub/IR2121/tb3_ws/install/patrolling/share/patrolling/local_setup.bash
[2.839s] -- Up-to-date: /home/usuario/Documentos/GitHub/IR2121/tb3_ws/install/patrolling/share/patrolling/local_setup.sh
[2.839s] -- Up-to-date: /home/usuario/Documentos/GitHub/IR2121/tb3_ws/install/patrolling/share/patrolling/local_setup.zsh
[2.839s] -- Up-to-date: /home/usuario/Documentos/GitHub/IR2121/tb3_ws/install/patrolling/share/patrolling/local_setup.dsv
[2.840s] -- Installing: /home/usuario/Documentos/GitHub/IR2121/tb3_ws/install/patrolling/share/patrolling/package.dsv
[2.840s] -- Up-to-date: /home/usuario/Documentos/GitHub/IR2121/tb3_ws/install/patrolling/share/ament_index/resource_index/packages/patrolling
[2.840s] -- Up-to-date: /home/usuario/Documentos/GitHub/IR2121/tb3_ws/install/patrolling/share/patrolling/cmake/patrollingConfig.cmake
[2.840s] -- Up-to-date: /home/usuario/Documentos/GitHub/IR2121/tb3_ws/install/patrolling/share/patrolling/cmake/patrollingConfig-version.cmake
[2.840s] -- Up-to-date: /home/usuario/Documentos/GitHub/IR2121/tb3_ws/install/patrolling/share/patrolling/package.xml
[2.841s] Invoked command in '/home/usuario/Documentos/GitHub/IR2121/tb3_ws/build/patrolling' returned '0': CMAKE_PREFIX_PATH=${CMAKE_PREFIX_PATH}:/opt/ros/foxy /usr/bin/cmake --install /home/usuario/Documentos/GitHub/IR2121/tb3_ws/build/patrolling
