[35m[1mScanning dependencies of target patrolling[0m
[ 50%] [32mBuilding CXX object CMakeFiles/patrolling.dir/src/ver2.cpp.o[0m
[100%] [32m[1mLinking CXX executable patrolling[0m
[100%] Built target patrolling
-- Install configuration: ""
-- Installing: /home/arnaureig/Documentos/GitHub/IR2121/tb3_ws/install/patrolling/lib/patrolling/patrolling
-- Set runtime path of "/home/arnaureig/Documentos/GitHub/IR2121/tb3_ws/install/patrolling/lib/patrolling/patrolling" to ""
-- Up-to-date: /home/arnaureig/Documentos/GitHub/IR2121/tb3_ws/install/patrolling/share/ament_index/resource_index/package_run_dependencies/patrolling
-- Up-to-date: /home/arnaureig/Documentos/GitHub/IR2121/tb3_ws/install/patrolling/share/ament_index/resource_index/parent_prefix_path/patrolling
-- Up-to-date: /home/arnaureig/Documentos/GitHub/IR2121/tb3_ws/install/patrolling/share/patrolling/environment/ament_prefix_path.sh
-- Up-to-date: /home/arnaureig/Documentos/GitHub/IR2121/tb3_ws/install/patrolling/share/patrolling/environment/ament_prefix_path.dsv
-- Up-to-date: /home/arnaureig/Documentos/GitHub/IR2121/tb3_ws/install/patrolling/share/patrolling/environment/path.sh
-- Up-to-date: /home/arnaureig/Documentos/GitHub/IR2121/tb3_ws/install/patrolling/share/patrolling/environment/path.dsv
-- Up-to-date: /home/arnaureig/Documentos/GitHub/IR2121/tb3_ws/install/patrolling/share/patrolling/local_setup.bash
-- Up-to-date: /home/arnaureig/Documentos/GitHub/IR2121/tb3_ws/install/patrolling/share/patrolling/local_setup.sh
-- Up-to-date: /home/arnaureig/Documentos/GitHub/IR2121/tb3_ws/install/patrolling/share/patrolling/local_setup.zsh
-- Up-to-date: /home/arnaureig/Documentos/GitHub/IR2121/tb3_ws/install/patrolling/share/patrolling/local_setup.dsv
-- Installing: /home/arnaureig/Documentos/GitHub/IR2121/tb3_ws/install/patrolling/share/patrolling/package.dsv
-- Up-to-date: /home/arnaureig/Documentos/GitHub/IR2121/tb3_ws/install/patrolling/share/ament_index/resource_index/packages/patrolling
-- Up-to-date: /home/arnaureig/Documentos/GitHub/IR2121/tb3_ws/install/patrolling/share/patrolling/cmake/patrollingConfig.cmake
-- Up-to-date: /home/arnaureig/Documentos/GitHub/IR2121/tb3_ws/install/patrolling/share/patrolling/cmake/patrollingConfig-version.cmake
-- Up-to-date: /home/arnaureig/Documentos/GitHub/IR2121/tb3_ws/install/patrolling/share/patrolling/package.xml
