[ 50%] [32mBuilding CXX object CMakeFiles/patrolling.dir/src/ver1.cpp.o[0m
[01m[K/home/usuario/Documentos/GitHub/IR2121/tb3_ws/src/patrolling/src/ver1.cpp:[m[K In function ‘[01m[Kint main(int, char**)[m[K’:
[01m[K/home/usuario/Documentos/GitHub/IR2121/tb3_ws/src/patrolling/src/ver1.cpp:16:11:[m[K [01;31m[Kerror: [m[Kbase operand of ‘[01m[K->[m[K’ has non-pointer type ‘[01m[Kgeometry_msgs::msg::PoseStamped[m[K’ {aka ‘[01m[Kgeometry_msgs::msg::PoseStamped_<std::allocator<void> >[m[K’}
   16 |   goal_msg[01;31m[K->[m[Kheader.frame_id = "map";
      |           [01;31m[K^~[m[K
[01m[K/home/usuario/Documentos/GitHub/IR2121/tb3_ws/src/patrolling/src/ver1.cpp:17:11:[m[K [01;31m[Kerror: [m[Kbase operand of ‘[01m[K->[m[K’ has non-pointer type ‘[01m[Kgeometry_msgs::msg::PoseStamped[m[K’ {aka ‘[01m[Kgeometry_msgs::msg::PoseStamped_<std::allocator<void> >[m[K’}
   17 |   goal_msg[01;31m[K->[m[Kpose.position.x = -1.0;
      |           [01;31m[K^~[m[K
[01m[K/home/usuario/Documentos/GitHub/IR2121/tb3_ws/src/patrolling/src/ver1.cpp:18:11:[m[K [01;31m[Kerror: [m[Kbase operand of ‘[01m[K->[m[K’ has non-pointer type ‘[01m[Kgeometry_msgs::msg::PoseStamped[m[K’ {aka ‘[01m[Kgeometry_msgs::msg::PoseStamped_<std::allocator<void> >[m[K’}
   18 |   goal_msg[01;31m[K->[m[Kpose.position.y = 3.0;
      |           [01;31m[K^~[m[K
[01m[K/home/usuario/Documentos/GitHub/IR2121/tb3_ws/src/patrolling/src/ver1.cpp:19:11:[m[K [01;31m[Kerror: [m[Kbase operand of ‘[01m[K->[m[K’ has non-pointer type ‘[01m[Kgeometry_msgs::msg::PoseStamped[m[K’ {aka ‘[01m[Kgeometry_msgs::msg::PoseStamped_<std::allocator<void> >[m[K’}
   19 |   goal_msg[01;31m[K->[m[Kpose.position.z = 0.0;
      |           [01;31m[K^~[m[K
[01m[K/home/usuario/Documentos/GitHub/IR2121/tb3_ws/src/patrolling/src/ver1.cpp:20:11:[m[K [01;31m[Kerror: [m[Kbase operand of ‘[01m[K->[m[K’ has non-pointer type ‘[01m[Kgeometry_msgs::msg::PoseStamped[m[K’ {aka ‘[01m[Kgeometry_msgs::msg::PoseStamped_<std::allocator<void> >[m[K’}
   20 |   goal_msg[01;31m[K->[m[Kpose.orientation.x = 0.0;
      |           [01;31m[K^~[m[K
[01m[K/home/usuario/Documentos/GitHub/IR2121/tb3_ws/src/patrolling/src/ver1.cpp:21:11:[m[K [01;31m[Kerror: [m[Kbase operand of ‘[01m[K->[m[K’ has non-pointer type ‘[01m[Kgeometry_msgs::msg::PoseStamped[m[K’ {aka ‘[01m[Kgeometry_msgs::msg::PoseStamped_<std::allocator<void> >[m[K’}
   21 |   goal_msg[01;31m[K->[m[Kpose.orientation.y = 0.0;
      |           [01;31m[K^~[m[K
[01m[K/home/usuario/Documentos/GitHub/IR2121/tb3_ws/src/patrolling/src/ver1.cpp:22:11:[m[K [01;31m[Kerror: [m[Kbase operand of ‘[01m[K->[m[K’ has non-pointer type ‘[01m[Kgeometry_msgs::msg::PoseStamped[m[K’ {aka ‘[01m[Kgeometry_msgs::msg::PoseStamped_<std::allocator<void> >[m[K’}
   22 |   goal_msg[01;31m[K->[m[Kpose.orientation.z = 0.0;
      |           [01;31m[K^~[m[K
[01m[K/home/usuario/Documentos/GitHub/IR2121/tb3_ws/src/patrolling/src/ver1.cpp:23:11:[m[K [01;31m[Kerror: [m[Kbase operand of ‘[01m[K->[m[K’ has non-pointer type ‘[01m[Kgeometry_msgs::msg::PoseStamped[m[K’ {aka ‘[01m[Kgeometry_msgs::msg::PoseStamped_<std::allocator<void> >[m[K’}
   23 |   goal_msg[01;31m[K->[m[Kpose.orientation.w = 1.0;
      |           [01;31m[K^~[m[K
make[2]: *** [CMakeFiles/patrolling.dir/build.make:63: CMakeFiles/patrolling.dir/src/ver1.cpp.o] Error 1
make[1]: *** [CMakeFiles/Makefile2:78: CMakeFiles/patrolling.dir/all] Error 2
make: *** [Makefile:141: all] Error 2
