[0.020s] Invoking command in '/home/usuario/Documentos/GitHub/IR2121/tb3_ws/build/patrolling': CMAKE_PREFIX_PATH=${CMAKE_PREFIX_PATH}:/opt/ros/foxy /usr/bin/cmake --build /home/usuario/Documentos/GitHub/IR2121/tb3_ws/build/patrolling -- -j6 -l6
[0.075s] [ 50%] [32mBuilding CXX object CMakeFiles/patrolling.dir/src/ver1.cpp.o[0m
[1.199s] [01m[K/home/usuario/Documentos/GitHub/IR2121/tb3_ws/src/patrolling/src/ver1.cpp:[m[K In function ‘[01m[Kint main(int, char**)[m[K’:
[1.199s] [01m[K/home/usuario/Documentos/GitHub/IR2121/tb3_ws/src/patrolling/src/ver1.cpp:16:11:[m[K [01;31m[Kerror: [m[Kbase operand of ‘[01m[K->[m[K’ has non-pointer type ‘[01m[Kgeometry_msgs::msg::PoseStamped[m[K’ {aka ‘[01m[Kgeometry_msgs::msg::PoseStamped_<std::allocator<void> >[m[K’}
[1.199s]    16 |   goal_msg[01;31m[K->[m[Kheader.frame_id = "map";
[1.199s]       |           [01;31m[K^~[m[K
[1.199s] [01m[K/home/usuario/Documentos/GitHub/IR2121/tb3_ws/src/patrolling/src/ver1.cpp:17:11:[m[K [01;31m[Kerror: [m[Kbase operand of ‘[01m[K->[m[K’ has non-pointer type ‘[01m[Kgeometry_msgs::msg::PoseStamped[m[K’ {aka ‘[01m[Kgeometry_msgs::msg::PoseStamped_<std::allocator<void> >[m[K’}
[1.199s]    17 |   goal_msg[01;31m[K->[m[Kpose.position.x = -1.0;
[1.199s]       |           [01;31m[K^~[m[K
[1.199s] [01m[K/home/usuario/Documentos/GitHub/IR2121/tb3_ws/src/patrolling/src/ver1.cpp:18:11:[m[K [01;31m[Kerror: [m[Kbase operand of ‘[01m[K->[m[K’ has non-pointer type ‘[01m[Kgeometry_msgs::msg::PoseStamped[m[K’ {aka ‘[01m[Kgeometry_msgs::msg::PoseStamped_<std::allocator<void> >[m[K’}
[1.199s]    18 |   goal_msg[01;31m[K->[m[Kpose.position.y = 3.0;
[1.199s]       |           [01;31m[K^~[m[K
[1.199s] [01m[K/home/usuario/Documentos/GitHub/IR2121/tb3_ws/src/patrolling/src/ver1.cpp:19:11:[m[K [01;31m[Kerror: [m[Kbase operand of ‘[01m[K->[m[K’ has non-pointer type ‘[01m[Kgeometry_msgs::msg::PoseStamped[m[K’ {aka ‘[01m[Kgeometry_msgs::msg::PoseStamped_<std::allocator<void> >[m[K’}
[1.199s]    19 |   goal_msg[01;31m[K->[m[Kpose.position.z = 0.0;
[1.199s]       |           [01;31m[K^~[m[K
[1.199s] [01m[K/home/usuario/Documentos/GitHub/IR2121/tb3_ws/src/patrolling/src/ver1.cpp:20:11:[m[K [01;31m[Kerror: [m[Kbase operand of ‘[01m[K->[m[K’ has non-pointer type ‘[01m[Kgeometry_msgs::msg::PoseStamped[m[K’ {aka ‘[01m[Kgeometry_msgs::msg::PoseStamped_<std::allocator<void> >[m[K’}
[1.199s]    20 |   goal_msg[01;31m[K->[m[Kpose.orientation.x = 0.0;
[1.199s]       |           [01;31m[K^~[m[K
[1.199s] [01m[K/home/usuario/Documentos/GitHub/IR2121/tb3_ws/src/patrolling/src/ver1.cpp:21:11:[m[K [01;31m[Kerror: [m[Kbase operand of ‘[01m[K->[m[K’ has non-pointer type ‘[01m[Kgeometry_msgs::msg::PoseStamped[m[K’ {aka ‘[01m[Kgeometry_msgs::msg::PoseStamped_<std::allocator<void> >[m[K’}
[1.200s]    21 |   goal_msg[01;31m[K->[m[Kpose.orientation.y = 0.0;
[1.200s]       |           [01;31m[K^~[m[K
[1.200s] [01m[K/home/usuario/Documentos/GitHub/IR2121/tb3_ws/src/patrolling/src/ver1.cpp:22:11:[m[K [01;31m[Kerror: [m[Kbase operand of ‘[01m[K->[m[K’ has non-pointer type ‘[01m[Kgeometry_msgs::msg::PoseStamped[m[K’ {aka ‘[01m[Kgeometry_msgs::msg::PoseStamped_<std::allocator<void> >[m[K’}
[1.200s]    22 |   goal_msg[01;31m[K->[m[Kpose.orientation.z = 0.0;
[1.200s]       |           [01;31m[K^~[m[K
[1.200s] [01m[K/home/usuario/Documentos/GitHub/IR2121/tb3_ws/src/patrolling/src/ver1.cpp:23:11:[m[K [01;31m[Kerror: [m[Kbase operand of ‘[01m[K->[m[K’ has non-pointer type ‘[01m[Kgeometry_msgs::msg::PoseStamped[m[K’ {aka ‘[01m[Kgeometry_msgs::msg::PoseStamped_<std::allocator<void> >[m[K’}
[1.200s]    23 |   goal_msg[01;31m[K->[m[Kpose.orientation.w = 1.0;
[1.200s]       |           [01;31m[K^~[m[K
[1.993s] make[2]: *** [CMakeFiles/patrolling.dir/build.make:63: CMakeFiles/patrolling.dir/src/ver1.cpp.o] Error 1
[1.993s] make[1]: *** [CMakeFiles/Makefile2:78: CMakeFiles/patrolling.dir/all] Error 2
[1.993s] make: *** [Makefile:141: all] Error 2
[1.995s] Invoked command in '/home/usuario/Documentos/GitHub/IR2121/tb3_ws/build/patrolling' returned '2': CMAKE_PREFIX_PATH=${CMAKE_PREFIX_PATH}:/opt/ros/foxy /usr/bin/cmake --build /home/usuario/Documentos/GitHub/IR2121/tb3_ws/build/patrolling -- -j6 -l6
