[0.019s] Invoking command in '/home/usuario/Documentos/GitHub/IR2121/tb3_ws/build/patrolling': CMAKE_PREFIX_PATH=${CMAKE_PREFIX_PATH}:/opt/ros/foxy /usr/bin/cmake --build /home/usuario/Documentos/GitHub/IR2121/tb3_ws/build/patrolling -- -j6 -l6
[0.057s] [35m[1mScanning dependencies of target patrolling[0m
[0.085s] [ 50%] [32mBuilding CXX object CMakeFiles/patrolling.dir/src/ver1.cpp.o[0m
[2.616s] [100%] [32m[1mLinking CXX executable patrolling[0m
[2.843s] [100%] Built target patrolling
[2.853s] Invoked command in '/home/usuario/Documentos/GitHub/IR2121/tb3_ws/build/patrolling' returned '0': CMAKE_PREFIX_PATH=${CMAKE_PREFIX_PATH}:/opt/ros/foxy /usr/bin/cmake --build /home/usuario/Documentos/GitHub/IR2121/tb3_ws/build/patrolling -- -j6 -l6
[2.888s] Invoking command in '/home/usuario/Documentos/GitHub/IR2121/tb3_ws/build/patrolling': CMAKE_PREFIX_PATH=${CMAKE_PREFIX_PATH}:/opt/ros/foxy /usr/bin/cmake --install /home/usuario/Documentos/GitHub/IR2121/tb3_ws/build/patrolling
[2.895s] -- Install configuration: ""
[2.899s] -- Installing: /home/usuario/Documentos/GitHub/IR2121/tb3_ws/install/patrolling/lib/patrolling/patrolling
[2.912s] -- Set runtime path of "/home/usuario/Documentos/GitHub/IR2121/tb3_ws/install/patrolling/lib/patrolling/patrolling" to ""
[2.913s] -- Up-to-date: /home/usuario/Documentos/GitHub/IR2121/tb3_ws/install/patrolling/share/ament_index/resource_index/package_run_dependencies/patrolling
[2.913s] -- Up-to-date: /home/usuario/Documentos/GitHub/IR2121/tb3_ws/install/patrolling/share/ament_index/resource_index/parent_prefix_path/patrolling
[2.913s] -- Up-to-date: /home/usuario/Documentos/GitHub/IR2121/tb3_ws/install/patrolling/share/patrolling/environment/ament_prefix_path.sh
[2.913s] -- Up-to-date: /home/usuario/Documentos/GitHub/IR2121/tb3_ws/install/patrolling/share/patrolling/environment/ament_prefix_path.dsv
[2.913s] -- Up-to-date: /home/usuario/Documentos/GitHub/IR2121/tb3_ws/install/patrolling/share/patrolling/environment/path.sh
[2.913s] -- Up-to-date: /home/usuario/Documentos/GitHub/IR2121/tb3_ws/install/patrolling/share/patrolling/environment/path.dsv
[2.913s] -- Up-to-date: /home/usuario/Documentos/GitHub/IR2121/tb3_ws/install/patrolling/share/patrolling/local_setup.bash
[2.913s] -- Up-to-date: /home/usuario/Documentos/GitHub/IR2121/tb3_ws/install/patrolling/share/patrolling/local_setup.sh
[2.913s] -- Up-to-date: /home/usuario/Documentos/GitHub/IR2121/tb3_ws/install/patrolling/share/patrolling/local_setup.zsh
[2.913s] -- Up-to-date: /home/usuario/Documentos/GitHub/IR2121/tb3_ws/install/patrolling/share/patrolling/local_setup.dsv
[2.913s] -- Up-to-date: /home/usuario/Documentos/GitHub/IR2121/tb3_ws/install/patrolling/share/patrolling/package.dsv
[2.913s] -- Up-to-date: /home/usuario/Documentos/GitHub/IR2121/tb3_ws/install/patrolling/share/ament_index/resource_index/packages/patrolling
[2.913s] -- Up-to-date: /home/usuario/Documentos/GitHub/IR2121/tb3_ws/install/patrolling/share/patrolling/cmake/patrollingConfig.cmake
[2.913s] -- Up-to-date: /home/usuario/Documentos/GitHub/IR2121/tb3_ws/install/patrolling/share/patrolling/cmake/patrollingConfig-version.cmake
[2.913s] -- Up-to-date: /home/usuario/Documentos/GitHub/IR2121/tb3_ws/install/patrolling/share/patrolling/package.xml
[2.915s] Invoked command in '/home/usuario/Documentos/GitHub/IR2121/tb3_ws/build/patrolling' returned '0': CMAKE_PREFIX_PATH=${CMAKE_PREFIX_PATH}:/opt/ros/foxy /usr/bin/cmake --install /home/usuario/Documentos/GitHub/IR2121/tb3_ws/build/patrolling
