[0.029s] Invoking command in '/home/arnaureig/Documentos/GitHub/IR2121/tb3_ws/build/patrolling': CMAKE_PREFIX_PATH=/opt/ros/foxy /usr/bin/cmake /home/arnaureig/Documentos/GitHub/IR2121/tb3_ws/src/patrolling -DCMAKE_INSTALL_PREFIX=/home/arnaureig/Documentos/GitHub/IR2121/tb3_ws/install/patrolling
[0.157s] -- The C compiler identification is GNU 9.4.0
[0.303s] -- The CXX compiler identification is GNU 9.4.0
[0.314s] -- Check for working C compiler: /usr/bin/cc
[0.422s] -- Check for working C compiler: /usr/bin/cc -- works
[0.423s] -- Detecting C compiler ABI info
[0.535s] -- Detecting C compiler ABI info - done
[0.554s] -- Detecting C compile features
[0.556s] -- Detecting C compile features - done
[0.560s] -- Check for working CXX compiler: /usr/bin/c++
[0.692s] -- Check for working CXX compiler: /usr/bin/c++ -- works
[0.695s] -- Detecting CXX compiler ABI info
[0.816s] -- Detecting CXX compiler ABI info - done
[0.837s] -- Detecting CXX compile features
[0.837s] -- Detecting CXX compile features - done
[0.843s] -- Found ament_cmake: 0.9.12 (/opt/ros/foxy/share/ament_cmake/cmake)
[0.880s] -- Found PythonInterp: /usr/bin/python3 (found suitable version "3.8.10", minimum required is "3") 
[0.880s] -- Using PYTHON_EXECUTABLE: /usr/bin/python3
[1.153s] -- Found rclcpp: 2.4.3 (/opt/ros/foxy/share/rclcpp/cmake)
[1.231s] -- Using all available rosidl_typesupport_c: rosidl_typesupport_fastrtps_c;rosidl_typesupport_introspection_c
[1.242s] -- Found rosidl_adapter: 1.3.1 (/opt/ros/foxy/share/rosidl_adapter/cmake)
[1.408s] -- Found OpenSSL: /usr/lib/x86_64-linux-gnu/libcrypto.so (found version "1.1.1f")  
[1.456s] -- Found FastRTPS: /opt/ros/foxy/include  
[1.587s] -- Using all available rosidl_typesupport_cpp: rosidl_typesupport_fastrtps_cpp;rosidl_typesupport_introspection_cpp
[1.678s] -- Found rmw_implementation_cmake: 1.0.4 (/opt/ros/foxy/share/rmw_implementation_cmake/cmake)
[1.682s] -- Using RMW implementation 'rmw_fastrtps_cpp' as default
[1.686s] -- Looking for pthread.h
[1.804s] -- Looking for pthread.h - found
[1.804s] -- Performing Test CMAKE_HAVE_LIBC_PTHREAD
[1.919s] -- Performing Test CMAKE_HAVE_LIBC_PTHREAD - Failed
[1.920s] -- Looking for pthread_create in pthreads
[2.014s] -- Looking for pthread_create in pthreads - not found
[2.014s] -- Looking for pthread_create in pthread
[2.113s] -- Looking for pthread_create in pthread - found
[2.114s] -- Found Threads: TRUE  
[2.357s] -- Found geometry_msgs: 2.0.5 (/opt/ros/foxy/share/geometry_msgs/cmake)
[2.424s] CMake Error at CMakeLists.txt:27 (find_package):
[2.425s]   By not providing "Findament_lint_auto.cmake" in CMAKE_MODULE_PATH this
[2.425s]   project has asked CMake to find a package configuration file provided by
[2.425s]   "ament_lint_auto", but CMake did not find one.
[2.425s] 
[2.425s]   Could not find a package configuration file provided by "ament_lint_auto"
[2.425s]   with any of the following names:
[2.426s] 
[2.426s]     ament_lint_autoConfig.cmake
[2.426s]     ament_lint_auto-config.cmake
[2.426s] 
[2.426s]   Add the installation prefix of "ament_lint_auto" to CMAKE_PREFIX_PATH or
[2.426s]   set "ament_lint_auto_DIR" to a directory containing one of the above files.
[2.426s]   If "ament_lint_auto" provides a separate development package or SDK, be
[2.427s]   sure it has been installed.
[2.427s] 
[2.427s] 
[2.427s] -- Configuring incomplete, errors occurred!
[2.427s] See also "/home/arnaureig/Documentos/GitHub/IR2121/tb3_ws/build/patrolling/CMakeFiles/CMakeOutput.log".
[2.427s] See also "/home/arnaureig/Documentos/GitHub/IR2121/tb3_ws/build/patrolling/CMakeFiles/CMakeError.log".
[2.435s] Invoked command in '/home/arnaureig/Documentos/GitHub/IR2121/tb3_ws/build/patrolling' returned '1': CMAKE_PREFIX_PATH=/opt/ros/foxy /usr/bin/cmake /home/arnaureig/Documentos/GitHub/IR2121/tb3_ws/src/patrolling -DCMAKE_INSTALL_PREFIX=/home/arnaureig/Documentos/GitHub/IR2121/tb3_ws/install/patrolling
