[0.047s] Invoking command in '/home/arnaureig/Documentos/GitHub/IR2121/tb3_ws/build/patrolling': /usr/bin/cmake --build /home/arnaureig/Documentos/GitHub/IR2121/tb3_ws/build/patrolling -- -j6 -l6
[0.116s] -- Found ament_cmake: 0.9.12 (/opt/ros/foxy/share/ament_cmake/cmake)
[0.411s] -- Using PYTHON_EXECUTABLE: /usr/bin/python3
[0.960s] -- Found rclcpp: 2.4.3 (/opt/ros/foxy/share/rclcpp/cmake)
[1.040s] -- Using all available rosidl_typesupport_c: rosidl_typesupport_introspection_c;rosidl_typesupport_fastrtps_c
[1.042s] -- Found rosidl_adapter: 1.3.1 (/opt/ros/foxy/share/rosidl_adapter/cmake)
[1.281s] -- Using all available rosidl_typesupport_cpp: rosidl_typesupport_introspection_cpp;rosidl_typesupport_fastrtps_cpp
[1.326s] -- Found rmw_implementation_cmake: 1.0.4 (/opt/ros/foxy/share/rmw_implementation_cmake/cmake)
[1.351s] -- Using RMW implementation 'rmw_fastrtps_cpp' as default
[1.477s] -- Found geometry_msgs: 2.0.5 (/opt/ros/foxy/share/geometry_msgs/cmake)
[1.508s] CMake Error at /opt/ros/foxy/share/ament_cmake_target_dependencies/cmake/ament_target_dependencies.cmake:77 (message):
[1.508s]   ament_target_dependencies() the passed package name 'nav_msgs' was not
[1.508s]   found before
[1.508s] Call Stack (most recent call first):
[1.508s]   CMakeLists.txt:24 (ament_target_dependencies)
[1.508s] 
[1.508s] 
[1.509s] -- Configuring incomplete, errors occurred!
[1.509s] See also "/home/arnaureig/Documentos/GitHub/IR2121/tb3_ws/build/patrolling/CMakeFiles/CMakeOutput.log".
[1.509s] See also "/home/arnaureig/Documentos/GitHub/IR2121/tb3_ws/build/patrolling/CMakeFiles/CMakeError.log".
[1.514s] make: *** [Makefile:266: cmake_check_build_system] Error 1
[1.517s] Invoked command in '/home/arnaureig/Documentos/GitHub/IR2121/tb3_ws/build/patrolling' returned '2': /usr/bin/cmake --build /home/arnaureig/Documentos/GitHub/IR2121/tb3_ws/build/patrolling -- -j6 -l6
