[0.020s] Invoking command in '/home/usuario/Documentos/GitHub/IR2121/tb3_ws/build/patrolling': CMAKE_PREFIX_PATH=${CMAKE_PREFIX_PATH}:/opt/ros/foxy /usr/bin/cmake --build /home/usuario/Documentos/GitHub/IR2121/tb3_ws/build/patrolling -- -j6 -l6
[0.045s] -- Found ament_cmake: 0.9.12 (/opt/ros/foxy/share/ament_cmake/cmake)
[0.069s] -- Using PYTHON_EXECUTABLE: /usr/bin/python3
[0.237s] -- Found rclcpp: 2.4.3 (/opt/ros/foxy/share/rclcpp/cmake)
[0.266s] -- Using all available rosidl_typesupport_c: rosidl_typesupport_fastrtps_c;rosidl_typesupport_introspection_c
[0.269s] -- Found rosidl_adapter: 1.3.1 (/opt/ros/foxy/share/rosidl_adapter/cmake)
[0.370s] -- Using all available rosidl_typesupport_cpp: rosidl_typesupport_fastrtps_cpp;rosidl_typesupport_introspection_cpp
[0.406s] -- Found rmw_implementation_cmake: 1.0.4 (/opt/ros/foxy/share/rmw_implementation_cmake/cmake)
[0.407s] -- Using RMW implementation 'rmw_fastrtps_cpp' as default
[0.512s] -- Found geometry_msgs: 2.0.5 (/opt/ros/foxy/share/geometry_msgs/cmake)
[0.537s] -- Found ament_lint_auto: 0.9.8 (/opt/ros/foxy/share/ament_lint_auto/cmake)
[0.598s] -- Added test 'copyright' to check source files copyright and LICENSE
[0.598s] -- Added test 'cppcheck' to perform static code analysis on C / C++ code
[0.599s] -- Configured cppcheck include dirs: 
[0.599s] -- Configured cppcheck exclude dirs and/or files: 
[0.599s] -- Added test 'cpplint' to check C / C++ code against the Google style
[0.599s] -- Configured cpplint exclude dirs and/or files: 
[0.600s] -- Added test 'lint_cmake' to check CMake code style
[0.600s] -- Added test 'uncrustify' to check C / C++ code style
[0.601s] -- Configured uncrustify additional arguments: 
[0.601s] -- Added test 'xmllint' to check XML markup files
[0.605s] -- Configuring done
[0.617s] -- Generating done
[0.621s] -- Build files have been written to: /home/usuario/Documentos/GitHub/IR2121/tb3_ws/build/patrolling
[0.666s] [100%] Built target patrolling
[0.679s] Invoked command in '/home/usuario/Documentos/GitHub/IR2121/tb3_ws/build/patrolling' returned '0': CMAKE_PREFIX_PATH=${CMAKE_PREFIX_PATH}:/opt/ros/foxy /usr/bin/cmake --build /home/usuario/Documentos/GitHub/IR2121/tb3_ws/build/patrolling -- -j6 -l6
[0.714s] Invoking command in '/home/usuario/Documentos/GitHub/IR2121/tb3_ws/build/patrolling': CMAKE_PREFIX_PATH=${CMAKE_PREFIX_PATH}:/opt/ros/foxy /usr/bin/cmake --install /home/usuario/Documentos/GitHub/IR2121/tb3_ws/build/patrolling
[0.720s] -- Install configuration: ""
[0.720s] -- Installing: /home/usuario/Documentos/GitHub/IR2121/tb3_ws/install/patrolling/lib/patrolling/patrolling
[0.731s] -- Set runtime path of "/home/usuario/Documentos/GitHub/IR2121/tb3_ws/install/patrolling/lib/patrolling/patrolling" to ""
[0.731s] -- Up-to-date: /home/usuario/Documentos/GitHub/IR2121/tb3_ws/install/patrolling/share/ament_index/resource_index/package_run_dependencies/patrolling
[0.731s] -- Installing: /home/usuario/Documentos/GitHub/IR2121/tb3_ws/install/patrolling/share/ament_index/resource_index/parent_prefix_path/patrolling
[0.732s] -- Up-to-date: /home/usuario/Documentos/GitHub/IR2121/tb3_ws/install/patrolling/share/patrolling/environment/ament_prefix_path.sh
[0.732s] -- Installing: /home/usuario/Documentos/GitHub/IR2121/tb3_ws/install/patrolling/share/patrolling/environment/ament_prefix_path.dsv
[0.732s] -- Up-to-date: /home/usuario/Documentos/GitHub/IR2121/tb3_ws/install/patrolling/share/patrolling/environment/path.sh
[0.732s] -- Installing: /home/usuario/Documentos/GitHub/IR2121/tb3_ws/install/patrolling/share/patrolling/environment/path.dsv
[0.733s] -- Up-to-date: /home/usuario/Documentos/GitHub/IR2121/tb3_ws/install/patrolling/share/patrolling/local_setup.bash
[0.733s] -- Up-to-date: /home/usuario/Documentos/GitHub/IR2121/tb3_ws/install/patrolling/share/patrolling/local_setup.sh
[0.733s] -- Up-to-date: /home/usuario/Documentos/GitHub/IR2121/tb3_ws/install/patrolling/share/patrolling/local_setup.zsh
[0.733s] -- Installing: /home/usuario/Documentos/GitHub/IR2121/tb3_ws/install/patrolling/share/patrolling/local_setup.dsv
[0.733s] -- Installing: /home/usuario/Documentos/GitHub/IR2121/tb3_ws/install/patrolling/share/patrolling/package.dsv
[0.733s] -- Up-to-date: /home/usuario/Documentos/GitHub/IR2121/tb3_ws/install/patrolling/share/ament_index/resource_index/packages/patrolling
[0.734s] -- Up-to-date: /home/usuario/Documentos/GitHub/IR2121/tb3_ws/install/patrolling/share/patrolling/cmake/patrollingConfig.cmake
[0.734s] -- Up-to-date: /home/usuario/Documentos/GitHub/IR2121/tb3_ws/install/patrolling/share/patrolling/cmake/patrollingConfig-version.cmake
[0.734s] -- Up-to-date: /home/usuario/Documentos/GitHub/IR2121/tb3_ws/install/patrolling/share/patrolling/package.xml
[0.735s] Invoked command in '/home/usuario/Documentos/GitHub/IR2121/tb3_ws/build/patrolling' returned '0': CMAKE_PREFIX_PATH=${CMAKE_PREFIX_PATH}:/opt/ros/foxy /usr/bin/cmake --install /home/usuario/Documentos/GitHub/IR2121/tb3_ws/build/patrolling
