[0.741s] DEBUG:colcon:Command line arguments: ['/usr/bin/colcon', 'build']
[0.741s] DEBUG:colcon:Parsed command line arguments: Namespace(allow_overriding=[], ament_cmake_args=None, base_paths=['.'], build_base='build', catkin_cmake_args=None, catkin_skip_building_tests=False, cmake_args=None, cmake_clean_cache=False, cmake_clean_first=False, cmake_force_configure=False, cmake_target=None, cmake_target_skip_unavailable=False, continue_on_error=False, event_handlers=None, executor='parallel', ignore_user_meta=False, install_base='install', log_base=None, log_level=None, main=<bound method BuildVerb.main of <colcon_core.verb.build.BuildVerb object at 0x7f937070cdf0>>, merge_install=False, metas=['./colcon.meta'], packages_above=None, packages_above_and_dependencies=None, packages_above_depth=None, packages_end=None, packages_ignore=None, packages_ignore_regex=None, packages_select=None, packages_select_build_failed=False, packages_select_by_dep=None, packages_select_regex=None, packages_select_test_failures=False, packages_skip=None, packages_skip_build_finished=False, packages_skip_by_dep=None, packages_skip_regex=None, packages_skip_test_passed=False, packages_skip_up_to=None, packages_start=None, packages_up_to=None, packages_up_to_regex=None, parallel_workers=6, paths=None, symlink_install=False, test_result_base=None, verb_extension=<colcon_core.verb.build.BuildVerb object at 0x7f937070cdf0>, verb_name='build', verb_parser=<colcon_defaults.argument_parser.defaults.DefaultArgumentsDecorator object at 0x7f9370646880>)
[0.829s] Level 1:colcon.colcon_core.package_discovery:discover_packages(colcon_meta) check parameters
[0.829s] Level 1:colcon.colcon_core.package_discovery:discover_packages(recursive) check parameters
[0.829s] Level 1:colcon.colcon_core.package_discovery:discover_packages(ignore) check parameters
[0.829s] Level 1:colcon.colcon_core.package_discovery:discover_packages(path) check parameters
[0.829s] Level 1:colcon.colcon_core.package_discovery:discover_packages(colcon_meta) discover
[0.829s] Level 1:colcon.colcon_core.package_discovery:discover_packages(recursive) discover
[0.829s] INFO:colcon.colcon_core.package_discovery:Crawling recursively for packages in '/home/arnaureig/Documentos/GitHub/IR2121/tb3_ws'
[0.829s] Level 1:colcon.colcon_core.package_identification:_identify(.) by extensions ['ignore', 'ignore_ament_install']
[0.829s] Level 1:colcon.colcon_core.package_identification:_identify(.) by extension 'ignore'
[0.830s] Level 1:colcon.colcon_core.package_identification:_identify(.) by extension 'ignore_ament_install'
[0.830s] Level 1:colcon.colcon_core.package_identification:_identify(.) by extensions ['colcon_pkg']
[0.830s] Level 1:colcon.colcon_core.package_identification:_identify(.) by extension 'colcon_pkg'
[0.830s] Level 1:colcon.colcon_core.package_identification:_identify(.) by extensions ['colcon_meta']
[0.830s] Level 1:colcon.colcon_core.package_identification:_identify(.) by extension 'colcon_meta'
[0.830s] Level 1:colcon.colcon_core.package_identification:_identify(.) by extensions ['ros']
[0.830s] Level 1:colcon.colcon_core.package_identification:_identify(.) by extension 'ros'
[0.850s] Level 1:colcon.colcon_core.package_identification:_identify(.) by extensions ['cmake', 'python']
[0.850s] Level 1:colcon.colcon_core.package_identification:_identify(.) by extension 'cmake'
[0.850s] Level 1:colcon.colcon_core.package_identification:_identify(.) by extension 'python'
[0.850s] Level 1:colcon.colcon_core.package_identification:_identify(.) by extensions ['python_setup_py']
[0.850s] Level 1:colcon.colcon_core.package_identification:_identify(.) by extension 'python_setup_py'
[0.850s] Level 1:colcon.colcon_core.package_identification:_identify(build) by extensions ['ignore', 'ignore_ament_install']
[0.850s] Level 1:colcon.colcon_core.package_identification:_identify(build) by extension 'ignore'
[0.850s] Level 1:colcon.colcon_core.package_identification:_identify(build) ignored
[0.850s] Level 1:colcon.colcon_core.package_identification:_identify(install) by extensions ['ignore', 'ignore_ament_install']
[0.851s] Level 1:colcon.colcon_core.package_identification:_identify(install) by extension 'ignore'
[0.851s] Level 1:colcon.colcon_core.package_identification:_identify(install) ignored
[0.851s] Level 1:colcon.colcon_core.package_identification:_identify(log) by extensions ['ignore', 'ignore_ament_install']
[0.851s] Level 1:colcon.colcon_core.package_identification:_identify(log) by extension 'ignore'
[0.851s] Level 1:colcon.colcon_core.package_identification:_identify(log) ignored
[0.851s] Level 1:colcon.colcon_core.package_identification:_identify(src) by extensions ['ignore', 'ignore_ament_install']
[0.851s] Level 1:colcon.colcon_core.package_identification:_identify(src) by extension 'ignore'
[0.851s] Level 1:colcon.colcon_core.package_identification:_identify(src) by extension 'ignore_ament_install'
[0.851s] Level 1:colcon.colcon_core.package_identification:_identify(src) by extensions ['colcon_pkg']
[0.851s] Level 1:colcon.colcon_core.package_identification:_identify(src) by extension 'colcon_pkg'
[0.851s] Level 1:colcon.colcon_core.package_identification:_identify(src) by extensions ['colcon_meta']
[0.851s] Level 1:colcon.colcon_core.package_identification:_identify(src) by extension 'colcon_meta'
[0.851s] Level 1:colcon.colcon_core.package_identification:_identify(src) by extensions ['ros']
[0.852s] Level 1:colcon.colcon_core.package_identification:_identify(src) by extension 'ros'
[0.852s] Level 1:colcon.colcon_core.package_identification:_identify(src) by extensions ['cmake', 'python']
[0.852s] Level 1:colcon.colcon_core.package_identification:_identify(src) by extension 'cmake'
[0.852s] Level 1:colcon.colcon_core.package_identification:_identify(src) by extension 'python'
[0.852s] Level 1:colcon.colcon_core.package_identification:_identify(src) by extensions ['python_setup_py']
[0.852s] Level 1:colcon.colcon_core.package_identification:_identify(src) by extension 'python_setup_py'
[0.852s] Level 1:colcon.colcon_core.package_identification:_identify(src/patrolling) by extensions ['ignore', 'ignore_ament_install']
[0.852s] Level 1:colcon.colcon_core.package_identification:_identify(src/patrolling) by extension 'ignore'
[0.852s] Level 1:colcon.colcon_core.package_identification:_identify(src/patrolling) by extension 'ignore_ament_install'
[0.852s] Level 1:colcon.colcon_core.package_identification:_identify(src/patrolling) by extensions ['colcon_pkg']
[0.852s] Level 1:colcon.colcon_core.package_identification:_identify(src/patrolling) by extension 'colcon_pkg'
[0.852s] Level 1:colcon.colcon_core.package_identification:_identify(src/patrolling) by extensions ['colcon_meta']
[0.852s] Level 1:colcon.colcon_core.package_identification:_identify(src/patrolling) by extension 'colcon_meta'
[0.852s] Level 1:colcon.colcon_core.package_identification:_identify(src/patrolling) by extensions ['ros']
[0.852s] Level 1:colcon.colcon_core.package_identification:_identify(src/patrolling) by extension 'ros'
[0.857s] DEBUG:colcon.colcon_core.package_identification:Package 'src/patrolling' with type 'ros.ament_cmake' and name 'patrolling'
[0.857s] Level 1:colcon.colcon_core.package_discovery:discover_packages(recursive) using defaults
[0.857s] Level 1:colcon.colcon_core.package_discovery:discover_packages(ignore) discover
[0.857s] Level 1:colcon.colcon_core.package_discovery:discover_packages(ignore) using defaults
[0.857s] Level 1:colcon.colcon_core.package_discovery:discover_packages(path) discover
[0.857s] Level 1:colcon.colcon_core.package_discovery:discover_packages(path) using defaults
[0.921s] Level 1:colcon.colcon_core.package_discovery:discover_packages(prefix_path) check parameters
[0.921s] Level 1:colcon.colcon_core.package_discovery:discover_packages(prefix_path) discover
[0.949s] DEBUG:colcon.colcon_installed_package_information.package_discovery:Found 311 installed packages in /home/arnaureig/ros2_foxy/install
[0.958s] DEBUG:colcon.colcon_installed_package_information.package_discovery:Found 276 installed packages in /opt/ros/foxy
[0.966s] Level 1:colcon.colcon_core.package_discovery:discover_packages(prefix_path) using defaults
[1.120s] Level 5:colcon.colcon_core.verb:set package 'patrolling' build argument 'cmake_args' from command line to 'None'
[1.120s] Level 5:colcon.colcon_core.verb:set package 'patrolling' build argument 'cmake_target' from command line to 'None'
[1.120s] Level 5:colcon.colcon_core.verb:set package 'patrolling' build argument 'cmake_target_skip_unavailable' from command line to 'False'
[1.120s] Level 5:colcon.colcon_core.verb:set package 'patrolling' build argument 'cmake_clean_cache' from command line to 'False'
[1.120s] Level 5:colcon.colcon_core.verb:set package 'patrolling' build argument 'cmake_clean_first' from command line to 'False'
[1.120s] Level 5:colcon.colcon_core.verb:set package 'patrolling' build argument 'cmake_force_configure' from command line to 'False'
[1.120s] Level 5:colcon.colcon_core.verb:set package 'patrolling' build argument 'ament_cmake_args' from command line to 'None'
[1.120s] Level 5:colcon.colcon_core.verb:set package 'patrolling' build argument 'catkin_cmake_args' from command line to 'None'
[1.120s] Level 5:colcon.colcon_core.verb:set package 'patrolling' build argument 'catkin_skip_building_tests' from command line to 'False'
[1.120s] DEBUG:colcon.colcon_core.verb:Building package 'patrolling' with the following arguments: {'ament_cmake_args': None, 'build_base': '/home/arnaureig/Documentos/GitHub/IR2121/tb3_ws/build/patrolling', 'catkin_cmake_args': None, 'catkin_skip_building_tests': False, 'cmake_args': None, 'cmake_clean_cache': False, 'cmake_clean_first': False, 'cmake_force_configure': False, 'cmake_target': None, 'cmake_target_skip_unavailable': False, 'install_base': '/home/arnaureig/Documentos/GitHub/IR2121/tb3_ws/install/patrolling', 'merge_install': False, 'path': '/home/arnaureig/Documentos/GitHub/IR2121/tb3_ws/src/patrolling', 'symlink_install': False, 'test_result_base': None}
[1.123s] INFO:colcon.colcon_core.executor:Executing jobs using 'parallel' executor
[1.137s] DEBUG:colcon.colcon_parallel_executor.executor.parallel:run_until_complete
[1.137s] INFO:colcon.colcon_ros.task.ament_cmake.build:Building ROS package in '/home/arnaureig/Documentos/GitHub/IR2121/tb3_ws/src/patrolling' with build type 'ament_cmake'
[1.137s] INFO:colcon.colcon_cmake.task.cmake.build:Building CMake package in '/home/arnaureig/Documentos/GitHub/IR2121/tb3_ws/src/patrolling'
[1.154s] INFO:colcon.colcon_core.plugin_system:Skipping extension 'colcon_core.shell.bat': Not used on non-Windows systems
[1.154s] INFO:colcon.colcon_core.shell:Skip shell extension 'powershell' for command environment: Not usable outside of PowerShell
[1.154s] DEBUG:colcon.colcon_core.shell:Skip shell extension 'dsv' for command environment
[1.218s] DEBUG:colcon.colcon_core.event_handler.log_command:Invoking command in '/home/arnaureig/Documentos/GitHub/IR2121/tb3_ws/build/patrolling': CMAKE_PREFIX_PATH=${CMAKE_PREFIX_PATH}:/home/arnaureig/ros2_foxy/install/ros2bag:/home/arnaureig/ros2_foxy/install/tracetools_launch:/home/arnaureig/ros2_foxy/install/topic_monitor:/home/arnaureig/ros2_foxy/install/examples_tf2_py:/home/arnaureig/ros2_foxy/install/sros2:/home/arnaureig/ros2_foxy/install/rqt_topic:/home/arnaureig/ros2_foxy/install/rqt_top:/home/arnaureig/ros2_foxy/install/rqt_srv:/home/arnaureig/ros2_foxy/install/rqt_shell:/home/arnaureig/ros2_foxy/install/rqt_service_caller:/home/arnaureig/ros2_foxy/install/rqt_reconfigure:/home/arnaureig/ros2_foxy/install/rqt_py_console:/home/arnaureig/ros2_foxy/install/rqt_publisher:/home/arnaureig/ros2_foxy/install/rqt_plot:/home/arnaureig/ros2_foxy/install/rqt_action:/home/arnaureig/ros2_foxy/install/rqt_msg:/home/arnaureig/ros2_foxy/install/rqt_console:/home/arnaureig/ros2_foxy/install/rqt:/home/arnaureig/ros2_foxy/install/rqt_graph:/home/arnaureig/ros2_foxy/install/rqt_gui_py:/home/arnaureig/ros2_foxy/install/rqt_gui:/home/arnaureig/ros2_foxy/install/ros2trace:/home/arnaureig/ros2_foxy/install/ros2topic:/home/arnaureig/ros2_foxy/install/ros2test:/home/arnaureig/ros2_foxy/install/ros2component:/home/arnaureig/ros2_foxy/install/ros2param:/home/arnaureig/ros2_foxy/install/ros2lifecycle:/home/arnaureig/ros2_foxy/install/ros2service:/home/arnaureig/ros2_foxy/install/ros2run:/home/arnaureig/ros2_foxy/install/ros2launch:/home/arnaureig/ros2_foxy/install/ros2pkg:/home/arnaureig/ros2_foxy/install/ros2node:/home/arnaureig/ros2_foxy/install/ros2multicast:/home/arnaureig/ros2_foxy/install/ros2interface:/home/arnaureig/ros2_foxy/install/ros2doctor:/home/arnaureig/ros2_foxy/install/ros2action:/home/arnaureig/ros2_foxy/install/ros2cli:/home/arnaureig/ros2_foxy/install/quality_of_service_demo_py:/home/arnaureig/ros2_foxy/install/launch_testing_ros:/home/arnaureig/ros2_foxy/install/launch_ros:/home/arnaureig/ros2_foxy/install/examples_rclpy_minimal_subscriber:/home/arnaureig/ros2_foxy/install/examples_rclpy_minimal_service:/home/arnaureig/ros2_foxy/install/examples_rclpy_minimal_publisher:/home/arnaureig/ros2_foxy/install/examples_rclpy_minimal_client:/home/arnaureig/ros2_foxy/install/examples_rclpy_minimal_action_server:/home/arnaureig/ros2_foxy/install/examples_rclpy_minimal_action_client:/home/arnaureig/ros2_foxy/install/examples_rclpy_executors:/home/arnaureig/ros2_foxy/install/demo_nodes_py:/home/arnaureig/ros2_foxy/install/action_tutorials_py:/home/arnaureig/ros2_foxy/install/ament_uncrustify:/home/arnaureig/ros2_foxy/install/tracetools_trace:/home/arnaureig/ros2_foxy/install/tracetools_read:/home/arnaureig/ros2_foxy/install/test_launch_ros:/home/arnaureig/ros2_foxy/install/sensor_msgs_py:/home/arnaureig/ros2_foxy/install/rpyutils:/home/arnaureig/ros2_foxy/install/rosidl_runtime_py:/home/arnaureig/ros2_foxy/install/launch_yaml:/home/arnaureig/ros2_foxy/install/launch_xml:/home/arnaureig/ros2_foxy/install/launch_testing:/home/arnaureig/ros2_foxy/install/launch:/home/arnaureig/ros2_foxy/install/osrf_pycommon:/home/arnaureig/ros2_foxy/install/domain_coordinator:/home/arnaureig/ros2_foxy/install/ament_xmllint:/home/arnaureig/ros2_foxy/install/ament_pyflakes:/home/arnaureig/ros2_foxy/install/ament_pycodestyle:/home/arnaureig/ros2_foxy/install/ament_pep257:/home/arnaureig/ros2_foxy/install/ament_pclint:/home/arnaureig/ros2_foxy/install/ament_package:/home/arnaureig/ros2_foxy/install/ament_mypy:/home/arnaureig/ros2_foxy/install/ament_lint_cmake:/home/arnaureig/ros2_foxy/install/ament_flake8:/home/arnaureig/ros2_foxy/install/ament_copyright:/home/arnaureig/ros2_foxy/install/ament_lint:/home/arnaureig/ros2_foxy/install/ament_index_python:/home/arnaureig/ros2_foxy/install/ament_cpplint:/home/arnaureig/ros2_foxy/install/ament_cppcheck:/home/arnaureig/ros2_foxy/install/ament_clang_tidy:/home/arnaureig/ros2_foxy/install/ament_clang_format:/opt/ros/foxy /usr/bin/cmake /home/arnaureig/Documentos/GitHub/IR2121/tb3_ws/src/patrolling -DCMAKE_INSTALL_PREFIX=/home/arnaureig/Documentos/GitHub/IR2121/tb3_ws/install/patrolling
[4.426s] DEBUG:colcon.colcon_core.event_handler.log_command:Invoked command in '/home/arnaureig/Documentos/GitHub/IR2121/tb3_ws/build/patrolling' returned '0': CMAKE_PREFIX_PATH=${CMAKE_PREFIX_PATH}:/home/arnaureig/ros2_foxy/install/ros2bag:/home/arnaureig/ros2_foxy/install/tracetools_launch:/home/arnaureig/ros2_foxy/install/topic_monitor:/home/arnaureig/ros2_foxy/install/examples_tf2_py:/home/arnaureig/ros2_foxy/install/sros2:/home/arnaureig/ros2_foxy/install/rqt_topic:/home/arnaureig/ros2_foxy/install/rqt_top:/home/arnaureig/ros2_foxy/install/rqt_srv:/home/arnaureig/ros2_foxy/install/rqt_shell:/home/arnaureig/ros2_foxy/install/rqt_service_caller:/home/arnaureig/ros2_foxy/install/rqt_reconfigure:/home/arnaureig/ros2_foxy/install/rqt_py_console:/home/arnaureig/ros2_foxy/install/rqt_publisher:/home/arnaureig/ros2_foxy/install/rqt_plot:/home/arnaureig/ros2_foxy/install/rqt_action:/home/arnaureig/ros2_foxy/install/rqt_msg:/home/arnaureig/ros2_foxy/install/rqt_console:/home/arnaureig/ros2_foxy/install/rqt:/home/arnaureig/ros2_foxy/install/rqt_graph:/home/arnaureig/ros2_foxy/install/rqt_gui_py:/home/arnaureig/ros2_foxy/install/rqt_gui:/home/arnaureig/ros2_foxy/install/ros2trace:/home/arnaureig/ros2_foxy/install/ros2topic:/home/arnaureig/ros2_foxy/install/ros2test:/home/arnaureig/ros2_foxy/install/ros2component:/home/arnaureig/ros2_foxy/install/ros2param:/home/arnaureig/ros2_foxy/install/ros2lifecycle:/home/arnaureig/ros2_foxy/install/ros2service:/home/arnaureig/ros2_foxy/install/ros2run:/home/arnaureig/ros2_foxy/install/ros2launch:/home/arnaureig/ros2_foxy/install/ros2pkg:/home/arnaureig/ros2_foxy/install/ros2node:/home/arnaureig/ros2_foxy/install/ros2multicast:/home/arnaureig/ros2_foxy/install/ros2interface:/home/arnaureig/ros2_foxy/install/ros2doctor:/home/arnaureig/ros2_foxy/install/ros2action:/home/arnaureig/ros2_foxy/install/ros2cli:/home/arnaureig/ros2_foxy/install/quality_of_service_demo_py:/home/arnaureig/ros2_foxy/install/launch_testing_ros:/home/arnaureig/ros2_foxy/install/launch_ros:/home/arnaureig/ros2_foxy/install/examples_rclpy_minimal_subscriber:/home/arnaureig/ros2_foxy/install/examples_rclpy_minimal_service:/home/arnaureig/ros2_foxy/install/examples_rclpy_minimal_publisher:/home/arnaureig/ros2_foxy/install/examples_rclpy_minimal_client:/home/arnaureig/ros2_foxy/install/examples_rclpy_minimal_action_server:/home/arnaureig/ros2_foxy/install/examples_rclpy_minimal_action_client:/home/arnaureig/ros2_foxy/install/examples_rclpy_executors:/home/arnaureig/ros2_foxy/install/demo_nodes_py:/home/arnaureig/ros2_foxy/install/action_tutorials_py:/home/arnaureig/ros2_foxy/install/ament_uncrustify:/home/arnaureig/ros2_foxy/install/tracetools_trace:/home/arnaureig/ros2_foxy/install/tracetools_read:/home/arnaureig/ros2_foxy/install/test_launch_ros:/home/arnaureig/ros2_foxy/install/sensor_msgs_py:/home/arnaureig/ros2_foxy/install/rpyutils:/home/arnaureig/ros2_foxy/install/rosidl_runtime_py:/home/arnaureig/ros2_foxy/install/launch_yaml:/home/arnaureig/ros2_foxy/install/launch_xml:/home/arnaureig/ros2_foxy/install/launch_testing:/home/arnaureig/ros2_foxy/install/launch:/home/arnaureig/ros2_foxy/install/osrf_pycommon:/home/arnaureig/ros2_foxy/install/domain_coordinator:/home/arnaureig/ros2_foxy/install/ament_xmllint:/home/arnaureig/ros2_foxy/install/ament_pyflakes:/home/arnaureig/ros2_foxy/install/ament_pycodestyle:/home/arnaureig/ros2_foxy/install/ament_pep257:/home/arnaureig/ros2_foxy/install/ament_pclint:/home/arnaureig/ros2_foxy/install/ament_package:/home/arnaureig/ros2_foxy/install/ament_mypy:/home/arnaureig/ros2_foxy/install/ament_lint_cmake:/home/arnaureig/ros2_foxy/install/ament_flake8:/home/arnaureig/ros2_foxy/install/ament_copyright:/home/arnaureig/ros2_foxy/install/ament_lint:/home/arnaureig/ros2_foxy/install/ament_index_python:/home/arnaureig/ros2_foxy/install/ament_cpplint:/home/arnaureig/ros2_foxy/install/ament_cppcheck:/home/arnaureig/ros2_foxy/install/ament_clang_tidy:/home/arnaureig/ros2_foxy/install/ament_clang_format:/opt/ros/foxy /usr/bin/cmake /home/arnaureig/Documentos/GitHub/IR2121/tb3_ws/src/patrolling -DCMAKE_INSTALL_PREFIX=/home/arnaureig/Documentos/GitHub/IR2121/tb3_ws/install/patrolling
[4.431s] DEBUG:colcon.colcon_core.event_handler.log_command:Invoking command in '/home/arnaureig/Documentos/GitHub/IR2121/tb3_ws/build/patrolling': CMAKE_PREFIX_PATH=${CMAKE_PREFIX_PATH}:/home/arnaureig/ros2_foxy/install/ros2bag:/home/arnaureig/ros2_foxy/install/tracetools_launch:/home/arnaureig/ros2_foxy/install/topic_monitor:/home/arnaureig/ros2_foxy/install/examples_tf2_py:/home/arnaureig/ros2_foxy/install/sros2:/home/arnaureig/ros2_foxy/install/rqt_topic:/home/arnaureig/ros2_foxy/install/rqt_top:/home/arnaureig/ros2_foxy/install/rqt_srv:/home/arnaureig/ros2_foxy/install/rqt_shell:/home/arnaureig/ros2_foxy/install/rqt_service_caller:/home/arnaureig/ros2_foxy/install/rqt_reconfigure:/home/arnaureig/ros2_foxy/install/rqt_py_console:/home/arnaureig/ros2_foxy/install/rqt_publisher:/home/arnaureig/ros2_foxy/install/rqt_plot:/home/arnaureig/ros2_foxy/install/rqt_action:/home/arnaureig/ros2_foxy/install/rqt_msg:/home/arnaureig/ros2_foxy/install/rqt_console:/home/arnaureig/ros2_foxy/install/rqt:/home/arnaureig/ros2_foxy/install/rqt_graph:/home/arnaureig/ros2_foxy/install/rqt_gui_py:/home/arnaureig/ros2_foxy/install/rqt_gui:/home/arnaureig/ros2_foxy/install/ros2trace:/home/arnaureig/ros2_foxy/install/ros2topic:/home/arnaureig/ros2_foxy/install/ros2test:/home/arnaureig/ros2_foxy/install/ros2component:/home/arnaureig/ros2_foxy/install/ros2param:/home/arnaureig/ros2_foxy/install/ros2lifecycle:/home/arnaureig/ros2_foxy/install/ros2service:/home/arnaureig/ros2_foxy/install/ros2run:/home/arnaureig/ros2_foxy/install/ros2launch:/home/arnaureig/ros2_foxy/install/ros2pkg:/home/arnaureig/ros2_foxy/install/ros2node:/home/arnaureig/ros2_foxy/install/ros2multicast:/home/arnaureig/ros2_foxy/install/ros2interface:/home/arnaureig/ros2_foxy/install/ros2doctor:/home/arnaureig/ros2_foxy/install/ros2action:/home/arnaureig/ros2_foxy/install/ros2cli:/home/arnaureig/ros2_foxy/install/quality_of_service_demo_py:/home/arnaureig/ros2_foxy/install/launch_testing_ros:/home/arnaureig/ros2_foxy/install/launch_ros:/home/arnaureig/ros2_foxy/install/examples_rclpy_minimal_subscriber:/home/arnaureig/ros2_foxy/install/examples_rclpy_minimal_service:/home/arnaureig/ros2_foxy/install/examples_rclpy_minimal_publisher:/home/arnaureig/ros2_foxy/install/examples_rclpy_minimal_client:/home/arnaureig/ros2_foxy/install/examples_rclpy_minimal_action_server:/home/arnaureig/ros2_foxy/install/examples_rclpy_minimal_action_client:/home/arnaureig/ros2_foxy/install/examples_rclpy_executors:/home/arnaureig/ros2_foxy/install/demo_nodes_py:/home/arnaureig/ros2_foxy/install/action_tutorials_py:/home/arnaureig/ros2_foxy/install/ament_uncrustify:/home/arnaureig/ros2_foxy/install/tracetools_trace:/home/arnaureig/ros2_foxy/install/tracetools_read:/home/arnaureig/ros2_foxy/install/test_launch_ros:/home/arnaureig/ros2_foxy/install/sensor_msgs_py:/home/arnaureig/ros2_foxy/install/rpyutils:/home/arnaureig/ros2_foxy/install/rosidl_runtime_py:/home/arnaureig/ros2_foxy/install/launch_yaml:/home/arnaureig/ros2_foxy/install/launch_xml:/home/arnaureig/ros2_foxy/install/launch_testing:/home/arnaureig/ros2_foxy/install/launch:/home/arnaureig/ros2_foxy/install/osrf_pycommon:/home/arnaureig/ros2_foxy/install/domain_coordinator:/home/arnaureig/ros2_foxy/install/ament_xmllint:/home/arnaureig/ros2_foxy/install/ament_pyflakes:/home/arnaureig/ros2_foxy/install/ament_pycodestyle:/home/arnaureig/ros2_foxy/install/ament_pep257:/home/arnaureig/ros2_foxy/install/ament_pclint:/home/arnaureig/ros2_foxy/install/ament_package:/home/arnaureig/ros2_foxy/install/ament_mypy:/home/arnaureig/ros2_foxy/install/ament_lint_cmake:/home/arnaureig/ros2_foxy/install/ament_flake8:/home/arnaureig/ros2_foxy/install/ament_copyright:/home/arnaureig/ros2_foxy/install/ament_lint:/home/arnaureig/ros2_foxy/install/ament_index_python:/home/arnaureig/ros2_foxy/install/ament_cpplint:/home/arnaureig/ros2_foxy/install/ament_cppcheck:/home/arnaureig/ros2_foxy/install/ament_clang_tidy:/home/arnaureig/ros2_foxy/install/ament_clang_format:/opt/ros/foxy /usr/bin/cmake --build /home/arnaureig/Documentos/GitHub/IR2121/tb3_ws/build/patrolling -- -j6 -l6
[10.197s] DEBUG:colcon.colcon_core.event_handler.log_command:Invoked command in '/home/arnaureig/Documentos/GitHub/IR2121/tb3_ws/build/patrolling' returned '2': CMAKE_PREFIX_PATH=${CMAKE_PREFIX_PATH}:/home/arnaureig/ros2_foxy/install/ros2bag:/home/arnaureig/ros2_foxy/install/tracetools_launch:/home/arnaureig/ros2_foxy/install/topic_monitor:/home/arnaureig/ros2_foxy/install/examples_tf2_py:/home/arnaureig/ros2_foxy/install/sros2:/home/arnaureig/ros2_foxy/install/rqt_topic:/home/arnaureig/ros2_foxy/install/rqt_top:/home/arnaureig/ros2_foxy/install/rqt_srv:/home/arnaureig/ros2_foxy/install/rqt_shell:/home/arnaureig/ros2_foxy/install/rqt_service_caller:/home/arnaureig/ros2_foxy/install/rqt_reconfigure:/home/arnaureig/ros2_foxy/install/rqt_py_console:/home/arnaureig/ros2_foxy/install/rqt_publisher:/home/arnaureig/ros2_foxy/install/rqt_plot:/home/arnaureig/ros2_foxy/install/rqt_action:/home/arnaureig/ros2_foxy/install/rqt_msg:/home/arnaureig/ros2_foxy/install/rqt_console:/home/arnaureig/ros2_foxy/install/rqt:/home/arnaureig/ros2_foxy/install/rqt_graph:/home/arnaureig/ros2_foxy/install/rqt_gui_py:/home/arnaureig/ros2_foxy/install/rqt_gui:/home/arnaureig/ros2_foxy/install/ros2trace:/home/arnaureig/ros2_foxy/install/ros2topic:/home/arnaureig/ros2_foxy/install/ros2test:/home/arnaureig/ros2_foxy/install/ros2component:/home/arnaureig/ros2_foxy/install/ros2param:/home/arnaureig/ros2_foxy/install/ros2lifecycle:/home/arnaureig/ros2_foxy/install/ros2service:/home/arnaureig/ros2_foxy/install/ros2run:/home/arnaureig/ros2_foxy/install/ros2launch:/home/arnaureig/ros2_foxy/install/ros2pkg:/home/arnaureig/ros2_foxy/install/ros2node:/home/arnaureig/ros2_foxy/install/ros2multicast:/home/arnaureig/ros2_foxy/install/ros2interface:/home/arnaureig/ros2_foxy/install/ros2doctor:/home/arnaureig/ros2_foxy/install/ros2action:/home/arnaureig/ros2_foxy/install/ros2cli:/home/arnaureig/ros2_foxy/install/quality_of_service_demo_py:/home/arnaureig/ros2_foxy/install/launch_testing_ros:/home/arnaureig/ros2_foxy/install/launch_ros:/home/arnaureig/ros2_foxy/install/examples_rclpy_minimal_subscriber:/home/arnaureig/ros2_foxy/install/examples_rclpy_minimal_service:/home/arnaureig/ros2_foxy/install/examples_rclpy_minimal_publisher:/home/arnaureig/ros2_foxy/install/examples_rclpy_minimal_client:/home/arnaureig/ros2_foxy/install/examples_rclpy_minimal_action_server:/home/arnaureig/ros2_foxy/install/examples_rclpy_minimal_action_client:/home/arnaureig/ros2_foxy/install/examples_rclpy_executors:/home/arnaureig/ros2_foxy/install/demo_nodes_py:/home/arnaureig/ros2_foxy/install/action_tutorials_py:/home/arnaureig/ros2_foxy/install/ament_uncrustify:/home/arnaureig/ros2_foxy/install/tracetools_trace:/home/arnaureig/ros2_foxy/install/tracetools_read:/home/arnaureig/ros2_foxy/install/test_launch_ros:/home/arnaureig/ros2_foxy/install/sensor_msgs_py:/home/arnaureig/ros2_foxy/install/rpyutils:/home/arnaureig/ros2_foxy/install/rosidl_runtime_py:/home/arnaureig/ros2_foxy/install/launch_yaml:/home/arnaureig/ros2_foxy/install/launch_xml:/home/arnaureig/ros2_foxy/install/launch_testing:/home/arnaureig/ros2_foxy/install/launch:/home/arnaureig/ros2_foxy/install/osrf_pycommon:/home/arnaureig/ros2_foxy/install/domain_coordinator:/home/arnaureig/ros2_foxy/install/ament_xmllint:/home/arnaureig/ros2_foxy/install/ament_pyflakes:/home/arnaureig/ros2_foxy/install/ament_pycodestyle:/home/arnaureig/ros2_foxy/install/ament_pep257:/home/arnaureig/ros2_foxy/install/ament_pclint:/home/arnaureig/ros2_foxy/install/ament_package:/home/arnaureig/ros2_foxy/install/ament_mypy:/home/arnaureig/ros2_foxy/install/ament_lint_cmake:/home/arnaureig/ros2_foxy/install/ament_flake8:/home/arnaureig/ros2_foxy/install/ament_copyright:/home/arnaureig/ros2_foxy/install/ament_lint:/home/arnaureig/ros2_foxy/install/ament_index_python:/home/arnaureig/ros2_foxy/install/ament_cpplint:/home/arnaureig/ros2_foxy/install/ament_cppcheck:/home/arnaureig/ros2_foxy/install/ament_clang_tidy:/home/arnaureig/ros2_foxy/install/ament_clang_format:/opt/ros/foxy /usr/bin/cmake --build /home/arnaureig/Documentos/GitHub/IR2121/tb3_ws/build/patrolling -- -j6 -l6
[10.310s] Level 1:colcon.colcon_core.environment:create_environment_scripts_only(patrolling)
[10.327s] Level 1:colcon.colcon_core.environment:checking '/home/arnaureig/Documentos/GitHub/IR2121/tb3_ws/install/patrolling' for CMake module files
[10.327s] Level 1:colcon.colcon_core.environment:checking '/home/arnaureig/Documentos/GitHub/IR2121/tb3_ws/install/patrolling' for CMake config files
[10.328s] Level 1:colcon.colcon_core.environment:checking '/home/arnaureig/Documentos/GitHub/IR2121/tb3_ws/install/patrolling/bin'
[10.328s] Level 1:colcon.colcon_core.environment:checking '/home/arnaureig/Documentos/GitHub/IR2121/tb3_ws/install/patrolling/lib/pkgconfig/patrolling.pc'
[10.328s] Level 1:colcon.colcon_core.environment:checking '/home/arnaureig/Documentos/GitHub/IR2121/tb3_ws/install/patrolling/lib/python3.8/site-packages'
[10.328s] Level 1:colcon.colcon_core.environment:checking '/home/arnaureig/Documentos/GitHub/IR2121/tb3_ws/install/patrolling/bin'
[10.334s] INFO:colcon.colcon_core.shell:Creating package script '/home/arnaureig/Documentos/GitHub/IR2121/tb3_ws/install/patrolling/share/patrolling/package.ps1'
[10.335s] INFO:colcon.colcon_core.shell:Creating package descriptor '/home/arnaureig/Documentos/GitHub/IR2121/tb3_ws/install/patrolling/share/patrolling/package.dsv'
[10.336s] INFO:colcon.colcon_core.shell:Creating package script '/home/arnaureig/Documentos/GitHub/IR2121/tb3_ws/install/patrolling/share/patrolling/package.sh'
[10.337s] INFO:colcon.colcon_core.shell:Creating package script '/home/arnaureig/Documentos/GitHub/IR2121/tb3_ws/install/patrolling/share/patrolling/package.bash'
[10.338s] INFO:colcon.colcon_core.shell:Creating package script '/home/arnaureig/Documentos/GitHub/IR2121/tb3_ws/install/patrolling/share/patrolling/package.zsh'
[10.338s] Level 1:colcon.colcon_core.environment:create_file_with_runtime_dependencies(/home/arnaureig/Documentos/GitHub/IR2121/tb3_ws/install/patrolling/share/colcon-core/packages/patrolling)
[10.349s] DEBUG:colcon.colcon_parallel_executor.executor.parallel:closing loop
[10.349s] DEBUG:colcon.colcon_parallel_executor.executor.parallel:loop closed
[10.349s] DEBUG:colcon.colcon_parallel_executor.executor.parallel:run_until_complete finished with '2'
[10.350s] DEBUG:colcon.colcon_core.event_reactor:joining thread
[10.368s] INFO:colcon.colcon_core.plugin_system:Skipping extension 'colcon_notification.desktop_notification.notify_send': Could not find 'notify-send'
[10.369s] INFO:colcon.colcon_core.plugin_system:Skipping extension 'colcon_notification.desktop_notification.terminal_notifier': Not used on non-Darwin systems
[10.369s] INFO:colcon.colcon_core.plugin_system:Skipping extension 'colcon_notification.desktop_notification.win32': Not used on non-Windows systems
[10.369s] INFO:colcon.colcon_notification.desktop_notification:Sending desktop notification using 'notify2'
[10.404s] DEBUG:colcon.colcon_core.event_reactor:joined thread
[10.411s] INFO:colcon.colcon_core.shell:Creating prefix script '/home/arnaureig/Documentos/GitHub/IR2121/tb3_ws/install/local_setup.ps1'
[10.412s] INFO:colcon.colcon_core.shell:Creating prefix util module '/home/arnaureig/Documentos/GitHub/IR2121/tb3_ws/install/_local_setup_util_ps1.py'
[10.414s] INFO:colcon.colcon_core.shell:Creating prefix chain script '/home/arnaureig/Documentos/GitHub/IR2121/tb3_ws/install/setup.ps1'
[10.428s] INFO:colcon.colcon_core.shell:Creating prefix script '/home/arnaureig/Documentos/GitHub/IR2121/tb3_ws/install/local_setup.sh'
[10.428s] INFO:colcon.colcon_core.shell:Creating prefix util module '/home/arnaureig/Documentos/GitHub/IR2121/tb3_ws/install/_local_setup_util_sh.py'
[10.429s] INFO:colcon.colcon_core.shell:Creating prefix chain script '/home/arnaureig/Documentos/GitHub/IR2121/tb3_ws/install/setup.sh'
[10.443s] INFO:colcon.colcon_core.shell:Creating prefix script '/home/arnaureig/Documentos/GitHub/IR2121/tb3_ws/install/local_setup.bash'
[10.444s] INFO:colcon.colcon_core.shell:Creating prefix chain script '/home/arnaureig/Documentos/GitHub/IR2121/tb3_ws/install/setup.bash'
[10.457s] INFO:colcon.colcon_core.shell:Creating prefix script '/home/arnaureig/Documentos/GitHub/IR2121/tb3_ws/install/local_setup.zsh'
[10.458s] INFO:colcon.colcon_core.shell:Creating prefix chain script '/home/arnaureig/Documentos/GitHub/IR2121/tb3_ws/install/setup.zsh'
